<?xml version="1.0" encoding="UTF-8"?>
<!-- Generated by org.testng.reporters.JUnitReportReporter -->
<testsuite hostname="DESKTOP-DQ2EPB3" failures="0" tests="1" name="a4.a4_systemtest" time="3.427" errors="0" timestamp="2022-11-14T15:33:56 CET" skipped="0">
  <testcase classname="a4.a4_systemtest" name="A4T01" time="3.427"/>
  <system-out/>
</testsuite> <!-- a4.a4_systemtest -->
