<?xml version="1.0" encoding="UTF-8"?>
<!-- Generated by org.testng.reporters.JUnitReportReporter -->
<testsuite hostname="DESKTOP-DQ2EPB3" failures="0" tests="4" name="a2.a2_systemtest" time="3.077" errors="0" timestamp="2022-11-18T13:06:55 CET" skipped="0">
  <testcase classname="a2.a2_systemtest" name="S_A2T01" time="2.963"/>
  <system-out/>
  <testcase classname="a2.a2_systemtest" name="S_A2T03" time="0.033"/>
  <system-out/>
  <testcase classname="a2.a2_systemtest" name="S_A2T04" time="0.032"/>
  <system-out/>
  <testcase classname="a2.a2_systemtest" name="S_A2T02" time="0.049"/>
  <system-out/>
</testsuite> <!-- a2.a2_systemtest -->
