<?xml version="1.0" encoding="UTF-8"?>
<!-- Generated by org.testng.reporters.JUnitReportReporter -->
<testsuite hostname="DESKTOP-DQ2EPB3" failures="0" tests="4" name="a2.a2_systemtest" time="2.499" errors="0" timestamp="2022-11-16T15:05:07 CET" skipped="0">
  <testcase classname="a2.a2_systemtest" name="A2T03" time="0.027"/>
  <system-out/>
  <testcase classname="a2.a2_systemtest" name="A2T04" time="0.027"/>
  <system-out/>
  <testcase classname="a2.a2_systemtest" name="A2T01" time="2.406"/>
  <system-out/>
  <testcase classname="a2.a2_systemtest" name="A2T02" time="0.039"/>
  <system-out/>
</testsuite> <!-- a2.a2_systemtest -->
