<?xml version="1.0" encoding="UTF-8"?>
<!-- Generated by org.testng.reporters.JUnitReportReporter -->
<testsuite hostname="DESKTOP-DQ2EPB3" failures="0" tests="4" name="a2.a2_systemtest" time="3.018" errors="0" timestamp="2022-11-16T16:21:50 CET" skipped="0">
  <testcase classname="a2.a2_systemtest" name="A2T01" time="2.935"/>
  <system-out/>
  <testcase classname="a2.a2_systemtest" name="A2T03" time="0.023"/>
  <system-out/>
  <testcase classname="a2.a2_systemtest" name="A2T04" time="0.025"/>
  <system-out/>
  <testcase classname="a2.a2_systemtest" name="A2T02" time="0.035"/>
  <system-out/>
</testsuite> <!-- a2.a2_systemtest -->
