<?xml version="1.0" encoding="UTF-8"?>
<!-- Generated by org.testng.reporters.JUnitReportReporter -->
<testsuite hostname="DESKTOP-DQ2EPB3" failures="0" tests="4" name="a2.a2_systemtest" time="1.341" errors="0" timestamp="2022-11-16T16:10:38 CET" skipped="0">
  <testcase classname="a2.a2_systemtest" name="A2T01" time="1.273"/>
  <system-out/>
  <testcase classname="a2.a2_systemtest" name="A2T03" time="0.020"/>
  <system-out/>
  <testcase classname="a2.a2_systemtest" name="A2T04" time="0.020"/>
  <system-out/>
  <testcase classname="a2.a2_systemtest" name="A2T02" time="0.028"/>
  <system-out/>
</testsuite> <!-- a2.a2_systemtest -->
